<?xml version="1.0" encoding="UTF-8"?>
<!-- Generated by org.testng.reporters.JUnitXMLReporter -->
<testsuite ignored="0" hostname="DESKTOP-C2B0LC9" failures="0" tests="3" name="Default test" time="45.543" errors="0" timestamp="2024-08-07T00:56:53 IST">
  <testcase classname="BikashJaiswalTesting.tests.SubmitOrderTest" name="submitOrder" time="3.814"/>
  <testcase classname="BikashJaiswalTesting.tests.SubmitOrderTest" name="submitOrder" time="4.638"/>
  <testcase classname="BikashJaiswalTesting.tests.SubmitOrderTest" name="OrderHistory" time="1.531"/>
</testsuite> <!-- Default test -->
