<?xml version="1.0" encoding="UTF-8"?>
<!-- Generated by org.testng.reporters.JUnitXMLReporter -->
<testsuite ignored="2" hostname="DESKTOP-C2B0LC9" failures="0" tests="0" time="0.018" errors="0" timestamp="2024-08-04T11:41:44 IST">
  <testcase classname="BikashJaiswalTesting.tests.ErrorValidationsTest" name="ProductErrorValidations" time="0.0">
    <ignored/>
  </testcase> <!-- ProductErrorValidations -->
  <testcase classname="BikashJaiswalTesting.tests.ErrorValidationsTest" name="LoginErrorValidation" time="0.0">
    <ignored/>
  </testcase> <!-- LoginErrorValidation -->
</testsuite>
