<?xml version="1.0" encoding="UTF-8"?>
<!-- Generated by org.testng.reporters.JUnitXMLReporter -->
<testsuite ignored="1" hostname="DESKTOP-C2B0LC9" failures="0" tests="2" name="Submit Order" time="22.895" errors="0" timestamp="2024-08-04T11:42:07 IST">
  <testcase classname="BikashJaiswalTesting.tests.SubmitOrderTest" name="submitOrder" time="4.093"/>
  <testcase classname="BikashJaiswalTesting.tests.SubmitOrderTest" name="submitOrder" time="4.356"/>
  <testcase classname="BikashJaiswalTesting.tests.SubmitOrderTest" name="OrderHistory" time="0.0">
    <ignored/>
  </testcase> <!-- OrderHistory -->
</testsuite> <!-- Submit Order -->
