<?xml version="1.0" encoding="UTF-8"?>
<!-- Generated by org.testng.reporters.JUnitXMLReporter -->
<testsuite ignored="0" hostname="DESKTOP-C2B0LC9" failures="0" tests="2" name="Error Validation Test" time="27.509" errors="0" timestamp="2024-07-29T01:18:58 IST">
  <testcase classname="BikashJaiswalTesting.tests.ErrorValidationsTest" name="LoginErrorValidation" time="0.854"/>
  <testcase classname="BikashJaiswalTesting.tests.ErrorValidationsTest" name="ProductErrorValidations" time="3.047"/>
</testsuite> <!-- Error Validation Test -->
