<?xml version="1.0" encoding="UTF-8"?>
<!-- Generated by org.testng.reporters.JUnitXMLReporter -->
<testsuite ignored="0" hostname="DESKTOP-C2B0LC9" failures="0" tests="3" name="Submit Order" time="44.528" errors="0" timestamp="2024-07-29T01:19:11 IST">
  <testcase classname="BikashJaiswalTesting.tests.SubmitOrderTest" name="submitOrder" time="4.448"/>
  <testcase classname="BikashJaiswalTesting.tests.SubmitOrderTest" name="submitOrder" time="4.446"/>
  <testcase classname="BikashJaiswalTesting.tests.SubmitOrderTest" name="OrderHistory" time="1.405"/>
</testsuite> <!-- Submit Order -->
