<?xml version="1.0" encoding="UTF-8"?>
<testng-results ignored="0" total="3" passed="3" failed="0" skipped="0">
  <reporter-output>
  </reporter-output>
  <suite started-at="2024-08-07T00:56:07 IST" name="Default suite" finished-at="2024-08-07T00:56:53 IST" duration-ms="45543">
    <groups>
      <group name="Purchase">
        <method signature="SubmitOrderTest.submitOrder(java.util.HashMap)[pri:0, instance:BikashJaiswalTesting.tests.SubmitOrderTest@33bc72d1]" name="submitOrder" class="BikashJaiswalTesting.tests.SubmitOrderTest"/>
      </group> <!-- Purchase -->
    </groups>
    <test started-at="2024-08-07T00:56:07 IST" name="Default test" finished-at="2024-08-07T00:56:53 IST" duration-ms="45543">
      <class name="BikashJaiswalTesting.tests.SubmitOrderTest">
        <test-method is-config="true" signature="launchApplication()[pri:0, instance:BikashJaiswalTesting.tests.SubmitOrderTest@33bc72d1]" started-at="2024-08-07T00:56:08 IST" name="launchApplication" finished-at="2024-08-07T00:56:25 IST" duration-ms="16876" status="PASS">
          <reporter-output>
          </reporter-output>
        </test-method> <!-- launchApplication -->
        <test-method signature="submitOrder(java.util.HashMap)[pri:0, instance:BikashJaiswalTesting.tests.SubmitOrderTest@33bc72d1]" started-at="2024-08-07T00:56:25 IST" name="submitOrder" data-provider="getData" finished-at="2024-08-07T00:56:29 IST" duration-ms="3814" status="PASS">
          <params>
            <param index="0">
              <value>
                <![CDATA[{password=Kohli@5679, product=ZARA COAT 3, email=bikoojais51@gmail.com}]]>
              </value>
            </param>
          </params>
          <reporter-output>
          </reporter-output>
        </test-method> <!-- submitOrder -->
        <test-method is-config="true" signature="tearDown()[pri:0, instance:BikashJaiswalTesting.tests.SubmitOrderTest@33bc72d1]" started-at="2024-08-07T00:56:29 IST" name="tearDown" finished-at="2024-08-07T00:56:29 IST" duration-ms="193" status="PASS">
          <reporter-output>
          </reporter-output>
        </test-method> <!-- tearDown -->
        <test-method is-config="true" signature="launchApplication()[pri:0, instance:BikashJaiswalTesting.tests.SubmitOrderTest@33bc72d1]" started-at="2024-08-07T00:56:29 IST" name="launchApplication" finished-at="2024-08-07T00:56:38 IST" duration-ms="8807" status="PASS">
          <reporter-output>
          </reporter-output>
        </test-method> <!-- launchApplication -->
        <test-method signature="submitOrder(java.util.HashMap)[pri:0, instance:BikashJaiswalTesting.tests.SubmitOrderTest@33bc72d1]" started-at="2024-08-07T00:56:38 IST" name="submitOrder" data-provider="getData" finished-at="2024-08-07T00:56:43 IST" duration-ms="4638" status="PASS">
          <params>
            <param index="0">
              <value>
                <![CDATA[{password=Kohli@5679, product=ADIDAS ORIGINAL, email=bikoojais51@gmail.com}]]>
              </value>
            </param>
          </params>
          <reporter-output>
          </reporter-output>
        </test-method> <!-- submitOrder -->
        <test-method is-config="true" signature="tearDown()[pri:0, instance:BikashJaiswalTesting.tests.SubmitOrderTest@33bc72d1]" started-at="2024-08-07T00:56:43 IST" name="tearDown" finished-at="2024-08-07T00:56:43 IST" duration-ms="187" status="PASS">
          <reporter-output>
          </reporter-output>
        </test-method> <!-- tearDown -->
        <test-method is-config="true" signature="launchApplication()[pri:0, instance:BikashJaiswalTesting.tests.SubmitOrderTest@33bc72d1]" started-at="2024-08-07T00:56:43 IST" name="launchApplication" finished-at="2024-08-07T00:56:51 IST" duration-ms="7955" status="PASS">
          <reporter-output>
          </reporter-output>
        </test-method> <!-- launchApplication -->
        <test-method signature="OrderHistory()[pri:0, instance:BikashJaiswalTesting.tests.SubmitOrderTest@33bc72d1]" started-at="2024-08-07T00:56:51 IST" name="OrderHistory" finished-at="2024-08-07T00:56:52 IST" depends-on-methods="BikashJaiswalTesting.tests.SubmitOrderTest.submitOrder" duration-ms="1531" status="PASS">
          <reporter-output>
          </reporter-output>
        </test-method> <!-- OrderHistory -->
        <test-method is-config="true" signature="tearDown()[pri:0, instance:BikashJaiswalTesting.tests.SubmitOrderTest@33bc72d1]" started-at="2024-08-07T00:56:52 IST" name="tearDown" finished-at="2024-08-07T00:56:53 IST" duration-ms="631" status="PASS">
          <reporter-output>
          </reporter-output>
        </test-method> <!-- tearDown -->
      </class> <!-- BikashJaiswalTesting.tests.SubmitOrderTest -->
    </test> <!-- Default test -->
  </suite> <!-- Default suite -->
</testng-results>
